Z:\Project\Source_V3.00\Source\EquipmentQuery\QueryClient\Release\cl.command.1.tlog
Z:\Project\Source_V3.00\Source\EquipmentQuery\QueryClient\Release\CL.read.1.tlog
Z:\Project\Source_V3.00\Source\EquipmentQuery\QueryClient\Release\CL.write.1.tlog
Z:\Project\Source_V3.00\Source\EquipmentQuery\QueryClient\Release\link.command.1.tlog
Z:\Project\Source_V3.00\Source\EquipmentQuery\QueryClient\Release\link.read.1.tlog
Z:\Project\Source_V3.00\Source\EquipmentQuery\QueryClient\Release\link.write.1.tlog
Z:\Project\Source_V3.00\Source\EquipmentQuery\QueryClient\Release\link-cvtres.read.1.tlog
Z:\Project\Source_V3.00\Source\EquipmentQuery\QueryClient\Release\link-cvtres.write.1.tlog
Z:\Project\Source_V3.00\Source\EquipmentQuery\QueryClient\Release\msado15.tlh
Z:\Project\Source_V3.00\Source\EquipmentQuery\QueryClient\Release\msado15.tli
Z:\Project\Source_V3.00\Source\EquipmentQuery\QueryClient\Release\mt.command.1.tlog
Z:\Project\Source_V3.00\Source\EquipmentQuery\QueryClient\Release\mt.read.1.tlog
Z:\Project\Source_V3.00\Source\EquipmentQuery\QueryClient\Release\mt.write.1.tlog
Z:\PROJECT\SOURCE_V3.00\SOURCE\EQUIPMENTQUERY\QUERYCLIENT\RELEASE\QUERYCLIENT.EXE.INTERMEDIATE.MANIFEST
Z:\PROJECT\SOURCE_V3.00\SOURCE\EQUIPMENTQUERY\QUERYCLIENT\RELEASE\QUERYCLIENT.OBJ
Z:\PROJECT\SOURCE_V3.00\SOURCE\EQUIPMENTQUERY\QUERYCLIENT\RELEASE\QUERYCLIENT.PCH
Z:\PROJECT\SOURCE_V3.00\SOURCE\EQUIPMENTQUERY\QUERYCLIENT\RELEASE\QUERYCLIENT.RES
Z:\PROJECT\SOURCE_V3.00\SOURCE\EQUIPMENTQUERY\QUERYCLIENT\RELEASE\QUERYCLIENTDLG.OBJ
Z:\Project\Source_V3.00\Source\EquipmentQuery\QueryClient\Release\rc.command.1.tlog
Z:\Project\Source_V3.00\Source\EquipmentQuery\QueryClient\Release\rc.read.1.tlog
Z:\Project\Source_V3.00\Source\EquipmentQuery\QueryClient\Release\rc.write.1.tlog
Z:\PROJECT\SOURCE_V3.00\SOURCE\EQUIPMENTQUERY\QUERYCLIENT\RELEASE\STDAFX.OBJ
Z:\PROJECT\SOURCE_V3.00\SOURCE\EQUIPMENTQUERY\QUERYCLIENT\RELEASE\VC100.PDB
Z:\PROJECT\SOURCE_V3.00\SOURCE\EQUIPMENTQUERY\RELEASE\QUERYCLIENT.EXE
Z:\PROJECT\SOURCE_V3.00\SOURCE\EQUIPMENTQUERY\RELEASE\QUERYCLIENT.PDB
