生成启动时间为 2018-5-29 16:31:37。
     1>项目“Z:\Project\Source_V3.00\Source\EquipmentQuery\QueryClient\QueryClient.vcxproj”在节点 2 上(rebuild 个目标)。
     1>_PrepareForClean:
         正在删除文件“Release\QueryClient.lastbuildstate”。
       InitializeBuildStatus:
         正在创建“Release\QueryClient.unsuccessfulbuild”，因为已指定“AlwaysCreate”。
       ClCompile:
         C:\Program Files\Microsoft Visual Studio 10.0\VC\bin\CL.exe /c /Zi /nologo /W4 /WX- /Od /Oi /Oy- /D WIN32 /D _WINDOWS /D NDEBUG /D _MBCS /Gm- /EHsc /MT /GS /Gy /fp:precise /Zc:wchar_t /Zc:forScope /Yc"StdAfx.h" /Fp"Release\QueryClient.pch" /Fo"Release\\" /Fd"Release\vc100.pdb" /Gd /TP /analyze- /errorReport:prompt stdafx.cpp
         stdafx.cpp
         C:\Program Files\Microsoft Visual Studio 10.0\VC\bin\CL.exe /c /Zi /nologo /W4 /WX- /Od /Oi /Oy- /D WIN32 /D _WINDOWS /D NDEBUG /D _MBCS /Gm- /EHsc /MT /GS /Gy /fp:precise /Zc:wchar_t /Zc:forScope /Fo"Release\\" /Fd"Release\vc100.pdb" /Gd /TP /analyze- /errorReport:prompt QueryClient.cpp QueryClientDlg.cpp
         QueryClient.cpp
     1>QueryClient.cpp(62): warning C4996: 'strcat': This function or variable may be unsafe. Consider using strcat_s instead. To disable deprecation, use _CRT_SECURE_NO_WARNINGS. See online help for details.
                 C:\Program Files\Microsoft Visual Studio 10.0\VC\include\string.h(110) : 参见“strcat”的声明
     1>QueryClient.cpp(63): warning C4996: 'strcat': This function or variable may be unsafe. Consider using strcat_s instead. To disable deprecation, use _CRT_SECURE_NO_WARNINGS. See online help for details.
                 C:\Program Files\Microsoft Visual Studio 10.0\VC\include\string.h(110) : 参见“strcat”的声明
         QueryClientDlg.cpp
     1>QueryClientDlg.cpp(210): warning C4100: “pResult”: 未引用的形参
     1>QueryClientDlg.cpp(212): warning C4189: “pDropDown”: 局部变量已初始化但不引用
     1>QueryClientDlg.cpp(217): warning C4100: “pResult”: 未引用的形参
     1>QueryClientDlg.cpp(219): warning C4189: “pDropDown”: 局部变量已初始化但不引用
     1>QueryClientDlg.cpp(281): warning C4389: “!=”: 有符号/无符号不匹配
     1>QueryClientDlg.cpp(300): warning C4189: “iPos1”: 局部变量已初始化但不引用
     1>QueryClientDlg.cpp(305): warning C4101: “stFindInfo”: 未引用的局部变量
     1>QueryClientDlg.cpp(301): warning C4189: “iPos2”: 局部变量已初始化但不引用
         正在生成代码...
       ResourceCompile:
         C:\Program Files\Microsoft SDKs\Windows\v7.0A\bin\rc.exe /D NDEBUG /l"0x0804" /IRelease\ /nologo /fo"Release\QueryClient.res" QueryClient.rc 
       Link:
         C:\Program Files\Microsoft Visual Studio 10.0\VC\bin\link.exe /ERRORREPORT:PROMPT /OUT:"Z:\Project\Source_V3.00\Source\EquipmentQuery\Release\QueryClient.exe" /INCREMENTAL:NO /NOLOGO /MANIFEST /ManifestFile:"Release\QueryClient.exe.intermediate.manifest" /MANIFESTUAC:"level='asInvoker' uiAccess='false'" /DEBUG /PDB:"Z:\Project\Source_V3.00\Source\EquipmentQuery\Release\QueryClient.pdb" /SUBSYSTEM:WINDOWS /OPT:REF /OPT:ICF /TLBID:1 /DYNAMICBASE /NXCOMPAT /IMPLIB:"Z:\Project\Source_V3.00\Source\EquipmentQuery\Release\QueryClient.lib" /MACHINE:X86 Release\QueryClient.res
         Release\QueryClient.obj
         Release\QueryClientDlg.obj
         Release\stdafx.obj
         QueryClient.vcxproj -> Z:\Project\Source_V3.00\Source\EquipmentQuery\Release\QueryClient.exe
       Manifest:
         C:\Program Files\Microsoft SDKs\Windows\v7.0A\bin\mt.exe /nologo /verbose /outputresource:"Z:\Project\Source_V3.00\Source\EquipmentQuery\Release\QueryClient.exe;#1" /manifest Release\QueryClient.exe.intermediate.manifest "C:\Program Files\Microsoft Visual Studio 10.0\VC\Include\Manifest\dpiaware.manifest"
       FinalizeBuildStatus:
         正在删除文件“Release\QueryClient.unsuccessfulbuild”。
         正在对“Release\QueryClient.lastbuildstate”执行 Touch 任务。
     1>已完成生成项目“Z:\Project\Source_V3.00\Source\EquipmentQuery\QueryClient\QueryClient.vcxproj”(rebuild 个目标)的操作。

生成成功。

已用时间 00:00:17.25
